<?xml version="1.0" encoding="UTF-8"?>
<persistence version="1.0" xmlns="http://java.sun.com/xml/ns/persistence">
    <persistence-unit name="ProjectPersistence" transaction-type="JTA">
        <provider>org.hibernate.ejb.HibernatePersistence</provider>

	
        
        <class>ch.unige.pinfo2.dom.RegularUser</class>
        <properties>
			<property name="hibernate.dialect" value="org.hibernate.dialect.H2Dialect" />
			<property name="hibernate.hbm2ddl.auto" value="create-drop" />
			<property name="hibernate.show_sql" value="true" />
	</properties>     
    </persistence-unit>
</persistence>
